  ofxBaseGui.cpp
  ofxButton.cpp
  ofxGuiGroup.cpp
  ofxLabel.cpp
  ofxPanel.cpp
  ofxSlider.cpp
  ofxSliderGroup.cpp
  ofxToggle.cpp
  main.cpp
  ofApp.cpp
     Creando biblioteca bin\kataGUI_debug.lib y objeto bin\kataGUI_debug.exp
  kataGUI.vcxproj -> C:\Users\Laura\Documents\Visual Studio 2015\of_v0.9.8_vs_release\apps\myApps\kataGUI\kataGUI\bin\kataGUI_debug.exe
  kataGUI.vcxproj -> bin\kataGUI_debug.pdb (Full PDB)
  
  	                   9	C:\Users\Laura\Documents\Visual Studio 2015\of_v0.9.8_vs_release\export\vs\Win32\
  	    Nuevo arch		 2939392	C:\Users\Laura\Documents\Visual Studio 2015\of_v0.9.8_vs_release\export\vs\Win32\assimp.dll
  	    Nuevo arch		 1266176	C:\Users\Laura\Documents\Visual Studio 2015\of_v0.9.8_vs_release\export\vs\Win32\fmodex.dll
  	    Nuevo arch		 1312768	C:\Users\Laura\Documents\Visual Studio 2015\of_v0.9.8_vs_release\export\vs\Win32\fmodexL.dll
  	    Nuevo arch		 5647872	C:\Users\Laura\Documents\Visual Studio 2015\of_v0.9.8_vs_release\export\vs\Win32\FreeImage.dll
  	    Nuevo arch		  580608	C:\Users\Laura\Documents\Visual Studio 2015\of_v0.9.8_vs_release\export\vs\Win32\freetype.dll
  	    Nuevo arch		  237568	C:\Users\Laura\Documents\Visual Studio 2015\of_v0.9.8_vs_release\export\vs\Win32\glut32.dll
  	    Nuevo arch		 1178624	C:\Users\Laura\Documents\Visual Studio 2015\of_v0.9.8_vs_release\export\vs\Win32\libeay32.dll
  	    Nuevo arch		  269824	C:\Users\Laura\Documents\Visual Studio 2015\of_v0.9.8_vs_release\export\vs\Win32\ssleay32.dll
  	    Nuevo arch		   69632	C:\Users\Laura\Documents\Visual Studio 2015\of_v0.9.8_vs_release\export\vs\Win32\Zlib.dll
